[2019-10-29 17:24:27] local.ERROR: No application encryption key has been specified. {"exception":"[object] (RuntimeException(code: 0): No application encryption key has been specified. at /media/benbacker/New Volume/Project/Webiste/Website/Gemingear.vn/vendor/laravel/framework/src/Illuminate/Encryption/EncryptionServiceProvider.php:44)
[stacktrace]
#0 /media/benbacker/New Volume/Project/Webiste/Website/Gemingear.vn/vendor/laravel/framework/src/Illuminate/Support/helpers.php(1124): Illuminate\\Encryption\\EncryptionServiceProvider->Illuminate\\Encryption\\{closure}('')
#1 /media/benbacker/New Volume/Project/Webiste/Website/Gemingear.vn/vendor/laravel/framework/src/Illuminate/Encryption/EncryptionServiceProvider.php(48): tap('', Object(Closure))
#2 /media/benbacker/New Volume/Project/Webiste/Website/Gemingear.vn/vendor/laravel/framework/src/Illuminate/Encryption/EncryptionServiceProvider.php(24): Illuminate\\Encryption\\EncryptionServiceProvider->key(Array)
#3 /media/benbacker/New Volume/Project/Webiste/Website/Gemingear.vn/vendor/laravel/framework/src/Illuminate/Container/Container.php(785): Illuminate\\Encryption\\EncryptionServiceProvider->Illuminate\\Encryption\\{closure}(Object(Illuminate\\Foundation\\Application), Array)
#4 /media/benbacker/New Volume/Project/Webiste/Website/Gemingear.vn/vendor/laravel/framework/src/Illuminate/Container/Container.php(667): Illuminate\\Container\\Container->build(Object(Closure))
#5 /media/benbacker/New Volume/Project/Webiste/Website/Gemingear.vn/vendor/laravel/framework/src/Illuminate/Container/Container.php(615): Illuminate\\Container\\Container->resolve('encrypter', Array)
#6 /media/benbacker/New Volume/Project/Webiste/Website/Gemingear.vn/vendor/laravel/framework/src/Illuminate/Foundation/Application.php(767): Illuminate\\Container\\Container->make('encrypter', Array)
#7 /media/benbacker/New Volume/Project/Webiste/Website/Gemingear.vn/vendor/laravel/framework/src/Illuminate/Container/Container.php(927): Illuminate\\Foundation\\Application->make('encrypter')
#8 /media/benbacker/New Volume/Project/Webiste/Website/Gemingear.vn/vendor/laravel/framework/src/Illuminate/Container/Container.php(855): Illuminate\\Container\\Container->resolveClass(Object(ReflectionParameter))
#9 /media/benbacker/New Volume/Project/Webiste/Website/Gemingear.vn/vendor/laravel/framework/src/Illuminate/Container/Container.php(816): Illuminate\\Container\\Container->resolveDependencies(Array)
#10 /media/benbacker/New Volume/Project/Webiste/Website/Gemingear.vn/vendor/laravel/framework/src/Illuminate/Container/Container.php(667): Illuminate\\Container\\Container->build('App\\\\Http\\\\Middle...')
#11 /media/benbacker/New Volume/Project/Webiste/Website/Gemingear.vn/vendor/laravel/framework/src/Illuminate/Container/Container.php(615): Illuminate\\Container\\Container->resolve('App\\\\Http\\\\Middle...', Array)
#12 /media/benbacker/New Volume/Project/Webiste/Website/Gemingear.vn/vendor/laravel/framework/src/Illuminate/Foundation/Application.php(767): Illuminate\\Container\\Container->make('App\\\\Http\\\\Middle...', Array)
#13 /media/benbacker/New Volume/Project/Webiste/Website/Gemingear.vn/vendor/laravel/framework/src/Illuminate/Pipeline/Pipeline.php(152): Illuminate\\Foundation\\Application->make('App\\\\Http\\\\Middle...')
#14 /media/benbacker/New Volume/Project/Webiste/Website/Gemingear.vn/vendor/laravel/framework/src/Illuminate/Routing/Pipeline.php(53): Illuminate\\Pipeline\\Pipeline->Illuminate\\Pipeline\\{closure}(Object(Illuminate\\Http\\Request))
#15 /media/benbacker/New Volume/Project/Webiste/Website/Gemingear.vn/vendor/laravel/framework/src/Illuminate/Pipeline/Pipeline.php(104): Illuminate\\Routing\\Pipeline->Illuminate\\Routing\\{closure}(Object(Illuminate\\Http\\Request))
#16 /media/benbacker/New Volume/Project/Webiste/Website/Gemingear.vn/vendor/laravel/framework/src/Illuminate/Routing/Router.php(682): Illuminate\\Pipeline\\Pipeline->then(Object(Closure))
#17 /media/benbacker/New Volume/Project/Webiste/Website/Gemingear.vn/vendor/laravel/framework/src/Illuminate/Routing/Router.php(657): Illuminate\\Routing\\Router->runRouteWithinStack(Object(Illuminate\\Routing\\Route), Object(Illuminate\\Http\\Request))
#18 /media/benbacker/New Volume/Project/Webiste/Website/Gemingear.vn/vendor/laravel/framework/src/Illuminate/Routing/Router.php(623): Illuminate\\Routing\\Router->runRoute(Object(Illuminate\\Http\\Request), Object(Illuminate\\Routing\\Route))
#19 /media/benbacker/New Volume/Project/Webiste/Website/Gemingear.vn/vendor/laravel/framework/src/Illuminate/Routing/Router.php(612): Illuminate\\Routing\\Router->dispatchToRoute(Object(Illuminate\\Http\\Request))
#20 /media/benbacker/New Volume/Project/Webiste/Website/Gemingear.vn/vendor/laravel/framework/src/Illuminate/Foundation/Http/Kernel.php(176): Illuminate\\Routing\\Router->dispatch(Object(Illuminate\\Http\\Request))
#21 /media/benbacker/New Volume/Project/Webiste/Website/Gemingear.vn/vendor/laravel/framework/src/Illuminate/Routing/Pipeline.php(30): Illuminate\\Foundation\\Http\\Kernel->Illuminate\\Foundation\\Http\\{closure}(Object(Illuminate\\Http\\Request))
#22 /media/benbacker/New Volume/Project/Webiste/Website/Gemingear.vn/vendor/laravel/framework/src/Illuminate/Foundation/Http/Middleware/TransformsRequest.php(21): Illuminate\\Routing\\Pipeline->Illuminate\\Routing\\{closure}(Object(Illuminate\\Http\\Request))
#23 /media/benbacker/New Volume/Project/Webiste/Website/Gemingear.vn/vendor/laravel/framework/src/Illuminate/Pipeline/Pipeline.php(163): Illuminate\\Foundation\\Http\\Middleware\\TransformsRequest->handle(Object(Illuminate\\Http\\Request), Object(Closure))
#24 /media/benbacker/New Volume/Project/Webiste/Website/Gemingear.vn/vendor/laravel/framework/src/Illuminate/Routing/Pipeline.php(53): Illuminate\\Pipeline\\Pipeline->Illuminate\\Pipeline\\{closure}(Object(Illuminate\\Http\\Request))
#25 /media/benbacker/New Volume/Project/Webiste/Website/Gemingear.vn/vendor/laravel/framework/src/Illuminate/Foundation/Http/Middleware/TransformsRequest.php(21): Illuminate\\Routing\\Pipeline->Illuminate\\Routing\\{closure}(Object(Illuminate\\Http\\Request))
#26 /media/benbacker/New Volume/Project/Webiste/Website/Gemingear.vn/vendor/laravel/framework/src/Illuminate/Pipeline/Pipeline.php(163): Illuminate\\Foundation\\Http\\Middleware\\TransformsRequest->handle(Object(Illuminate\\Http\\Request), Object(Closure))
#27 /media/benbacker/New Volume/Project/Webiste/Website/Gemingear.vn/vendor/laravel/framework/src/Illuminate/Routing/Pipeline.php(53): Illuminate\\Pipeline\\Pipeline->Illuminate\\Pipeline\\{closure}(Object(Illuminate\\Http\\Request))
#28 /media/benbacker/New Volume/Project/Webiste/Website/Gemingear.vn/vendor/laravel/framework/src/Illuminate/Foundation/Http/Middleware/ValidatePostSize.php(27): Illuminate\\Routing\\Pipeline->Illuminate\\Routing\\{closure}(Object(Illuminate\\Http\\Request))
#29 /media/benbacker/New Volume/Project/Webiste/Website/Gemingear.vn/vendor/laravel/framework/src/Illuminate/Pipeline/Pipeline.php(163): Illuminate\\Foundation\\Http\\Middleware\\ValidatePostSize->handle(Object(Illuminate\\Http\\Request), Object(Closure))
#30 /media/benbacker/New Volume/Project/Webiste/Website/Gemingear.vn/vendor/laravel/framework/src/Illuminate/Routing/Pipeline.php(53): Illuminate\\Pipeline\\Pipeline->Illuminate\\Pipeline\\{closure}(Object(Illuminate\\Http\\Request))
#31 /media/benbacker/New Volume/Project/Webiste/Website/Gemingear.vn/vendor/laravel/framework/src/Illuminate/Foundation/Http/Middleware/CheckForMaintenanceMode.php(62): Illuminate\\Routing\\Pipeline->Illuminate\\Routing\\{closure}(Object(Illuminate\\Http\\Request))
#32 /media/benbacker/New Volume/Project/Webiste/Website/Gemingear.vn/vendor/laravel/framework/src/Illuminate/Pipeline/Pipeline.php(163): Illuminate\\Foundation\\Http\\Middleware\\CheckForMaintenanceMode->handle(Object(Illuminate\\Http\\Request), Object(Closure))
#33 /media/benbacker/New Volume/Project/Webiste/Website/Gemingear.vn/vendor/laravel/framework/src/Illuminate/Routing/Pipeline.php(53): Illuminate\\Pipeline\\Pipeline->Illuminate\\Pipeline\\{closure}(Object(Illuminate\\Http\\Request))
#34 /media/benbacker/New Volume/Project/Webiste/Website/Gemingear.vn/vendor/fideloper/proxy/src/TrustProxies.php(57): Illuminate\\Routing\\Pipeline->Illuminate\\Routing\\{closure}(Object(Illuminate\\Http\\Request))
#35 /media/benbacker/New Volume/Project/Webiste/Website/Gemingear.vn/vendor/laravel/framework/src/Illuminate/Pipeline/Pipeline.php(163): Fideloper\\Proxy\\TrustProxies->handle(Object(Illuminate\\Http\\Request), Object(Closure))
#36 /media/benbacker/New Volume/Project/Webiste/Website/Gemingear.vn/vendor/laravel/framework/src/Illuminate/Routing/Pipeline.php(53): Illuminate\\Pipeline\\Pipeline->Illuminate\\Pipeline\\{closure}(Object(Illuminate\\Http\\Request))
#37 /media/benbacker/New Volume/Project/Webiste/Website/Gemingear.vn/vendor/laravel/framework/src/Illuminate/Pipeline/Pipeline.php(104): Illuminate\\Routing\\Pipeline->Illuminate\\Routing\\{closure}(Object(Illuminate\\Http\\Request))
#38 /media/benbacker/New Volume/Project/Webiste/Website/Gemingear.vn/vendor/laravel/framework/src/Illuminate/Foundation/Http/Kernel.php(151): Illuminate\\Pipeline\\Pipeline->then(Object(Closure))
#39 /media/benbacker/New Volume/Project/Webiste/Website/Gemingear.vn/vendor/laravel/framework/src/Illuminate/Foundation/Http/Kernel.php(116): Illuminate\\Foundation\\Http\\Kernel->sendRequestThroughRouter(Object(Illuminate\\Http\\Request))
#40 /media/benbacker/New Volume/Project/Webiste/Website/Gemingear.vn/public/index.php(55): Illuminate\\Foundation\\Http\\Kernel->handle(Object(Illuminate\\Http\\Request))
#41 /media/benbacker/New Volume/Project/Webiste/Website/Gemingear.vn/server.php(21): require_once('/media/benbacke...')
#42 {main}
"} 
[2019-10-29 17:24:27] local.ERROR: No application encryption key has been specified. {"exception":"[object] (RuntimeException(code: 0): No application encryption key has been specified. at /media/benbacker/New Volume/Project/Webiste/Website/Gemingear.vn/vendor/laravel/framework/src/Illuminate/Encryption/EncryptionServiceProvider.php:44)
[stacktrace]
#0 /media/benbacker/New Volume/Project/Webiste/Website/Gemingear.vn/vendor/laravel/framework/src/Illuminate/Support/helpers.php(1124): Illuminate\\Encryption\\EncryptionServiceProvider->Illuminate\\Encryption\\{closure}('')
#1 /media/benbacker/New Volume/Project/Webiste/Website/Gemingear.vn/vendor/laravel/framework/src/Illuminate/Encryption/EncryptionServiceProvider.php(48): tap('', Object(Closure))
#2 /media/benbacker/New Volume/Project/Webiste/Website/Gemingear.vn/vendor/laravel/framework/src/Illuminate/Encryption/EncryptionServiceProvider.php(24): Illuminate\\Encryption\\EncryptionServiceProvider->key(Array)
#3 /media/benbacker/New Volume/Project/Webiste/Website/Gemingear.vn/vendor/laravel/framework/src/Illuminate/Container/Container.php(785): Illuminate\\Encryption\\EncryptionServiceProvider->Illuminate\\Encryption\\{closure}(Object(Illuminate\\Foundation\\Application), Array)
#4 /media/benbacker/New Volume/Project/Webiste/Website/Gemingear.vn/vendor/laravel/framework/src/Illuminate/Container/Container.php(667): Illuminate\\Container\\Container->build(Object(Closure))
#5 /media/benbacker/New Volume/Project/Webiste/Website/Gemingear.vn/vendor/laravel/framework/src/Illuminate/Container/Container.php(615): Illuminate\\Container\\Container->resolve('encrypter', Array)
#6 /media/benbacker/New Volume/Project/Webiste/Website/Gemingear.vn/vendor/laravel/framework/src/Illuminate/Foundation/Application.php(767): Illuminate\\Container\\Container->make('encrypter', Array)
#7 /media/benbacker/New Volume/Project/Webiste/Website/Gemingear.vn/vendor/laravel/framework/src/Illuminate/Container/Container.php(927): Illuminate\\Foundation\\Application->make('encrypter')
#8 /media/benbacker/New Volume/Project/Webiste/Website/Gemingear.vn/vendor/laravel/framework/src/Illuminate/Container/Container.php(855): Illuminate\\Container\\Container->resolveClass(Object(ReflectionParameter))
#9 /media/benbacker/New Volume/Project/Webiste/Website/Gemingear.vn/vendor/laravel/framework/src/Illuminate/Container/Container.php(816): Illuminate\\Container\\Container->resolveDependencies(Array)
#10 /media/benbacker/New Volume/Project/Webiste/Website/Gemingear.vn/vendor/laravel/framework/src/Illuminate/Container/Container.php(667): Illuminate\\Container\\Container->build('App\\\\Http\\\\Middle...')
#11 /media/benbacker/New Volume/Project/Webiste/Website/Gemingear.vn/vendor/laravel/framework/src/Illuminate/Container/Container.php(615): Illuminate\\Container\\Container->resolve('App\\\\Http\\\\Middle...', Array)
#12 /media/benbacker/New Volume/Project/Webiste/Website/Gemingear.vn/vendor/laravel/framework/src/Illuminate/Foundation/Application.php(767): Illuminate\\Container\\Container->make('App\\\\Http\\\\Middle...', Array)
#13 /media/benbacker/New Volume/Project/Webiste/Website/Gemingear.vn/vendor/laravel/framework/src/Illuminate/Foundation/Http/Kernel.php(215): Illuminate\\Foundation\\Application->make('App\\\\Http\\\\Middle...')
#14 /media/benbacker/New Volume/Project/Webiste/Website/Gemingear.vn/vendor/laravel/framework/src/Illuminate/Foundation/Http/Kernel.php(189): Illuminate\\Foundation\\Http\\Kernel->terminateMiddleware(Object(Illuminate\\Http\\Request), Object(Illuminate\\Http\\Response))
#15 /media/benbacker/New Volume/Project/Webiste/Website/Gemingear.vn/public/index.php(60): Illuminate\\Foundation\\Http\\Kernel->terminate(Object(Illuminate\\Http\\Request), Object(Illuminate\\Http\\Response))
#16 /media/benbacker/New Volume/Project/Webiste/Website/Gemingear.vn/server.php(21): require_once('/media/benbacke...')
#17 {main}
"} 
[2019-10-29 17:24:58] local.ERROR: There are no commands defined in the "generate" namespace. {"exception":"[object] (Symfony\\Component\\Console\\Exception\\NamespaceNotFoundException(code: 0): There are no commands defined in the \"generate\" namespace. at /media/benbacker/New Volume/Project/Webiste/Website/Gemingear.vn/vendor/symfony/console/Application.php:583)
[stacktrace]
#0 /media/benbacker/New Volume/Project/Webiste/Website/Gemingear.vn/vendor/symfony/console/Application.php(632): Symfony\\Component\\Console\\Application->findNamespace('generate')
#1 /media/benbacker/New Volume/Project/Webiste/Website/Gemingear.vn/vendor/symfony/console/Application.php(236): Symfony\\Component\\Console\\Application->find('generate:key')
#2 /media/benbacker/New Volume/Project/Webiste/Website/Gemingear.vn/vendor/symfony/console/Application.php(148): Symfony\\Component\\Console\\Application->doRun(Object(Symfony\\Component\\Console\\Input\\ArgvInput), Object(Symfony\\Component\\Console\\Output\\ConsoleOutput))
#3 /media/benbacker/New Volume/Project/Webiste/Website/Gemingear.vn/vendor/laravel/framework/src/Illuminate/Console/Application.php(90): Symfony\\Component\\Console\\Application->run(Object(Symfony\\Component\\Console\\Input\\ArgvInput), Object(Symfony\\Component\\Console\\Output\\ConsoleOutput))
#4 /media/benbacker/New Volume/Project/Webiste/Website/Gemingear.vn/vendor/laravel/framework/src/Illuminate/Foundation/Console/Kernel.php(133): Illuminate\\Console\\Application->run(Object(Symfony\\Component\\Console\\Input\\ArgvInput), Object(Symfony\\Component\\Console\\Output\\ConsoleOutput))
#5 /media/benbacker/New Volume/Project/Webiste/Website/Gemingear.vn/artisan(37): Illuminate\\Foundation\\Console\\Kernel->handle(Object(Symfony\\Component\\Console\\Input\\ArgvInput), Object(Symfony\\Component\\Console\\Output\\ConsoleOutput))
#6 {main}
"} 
[2019-10-29 17:25:06] local.ERROR: Command "generate" is not defined.

Did you mean one of these?
    event:generate
    key:generate {"exception":"[object] (Symfony\\Component\\Console\\Exception\\CommandNotFoundException(code: 0): Command \"generate\" is not defined.

Did you mean one of these?
    event:generate
    key:generate at /media/benbacker/New Volume/Project/Webiste/Website/Gemingear.vn/vendor/symfony/console/Application.php:646)
[stacktrace]
#0 /media/benbacker/New Volume/Project/Webiste/Website/Gemingear.vn/vendor/symfony/console/Application.php(236): Symfony\\Component\\Console\\Application->find('generate')
#1 /media/benbacker/New Volume/Project/Webiste/Website/Gemingear.vn/vendor/symfony/console/Application.php(148): Symfony\\Component\\Console\\Application->doRun(Object(Symfony\\Component\\Console\\Input\\ArgvInput), Object(Symfony\\Component\\Console\\Output\\ConsoleOutput))
#2 /media/benbacker/New Volume/Project/Webiste/Website/Gemingear.vn/vendor/laravel/framework/src/Illuminate/Console/Application.php(90): Symfony\\Component\\Console\\Application->run(Object(Symfony\\Component\\Console\\Input\\ArgvInput), Object(Symfony\\Component\\Console\\Output\\ConsoleOutput))
#3 /media/benbacker/New Volume/Project/Webiste/Website/Gemingear.vn/vendor/laravel/framework/src/Illuminate/Foundation/Console/Kernel.php(133): Illuminate\\Console\\Application->run(Object(Symfony\\Component\\Console\\Input\\ArgvInput), Object(Symfony\\Component\\Console\\Output\\ConsoleOutput))
#4 /media/benbacker/New Volume/Project/Webiste/Website/Gemingear.vn/artisan(37): Illuminate\\Foundation\\Console\\Kernel->handle(Object(Symfony\\Component\\Console\\Input\\ArgvInput), Object(Symfony\\Component\\Console\\Output\\ConsoleOutput))
#5 {main}
"} 
